<?xml version="1.0" encoding="UTF-8"?>
<!-- Generated by org.testng.reporters.JUnitReportReporter -->
<testsuite hostname="Keertis-MacBook-Air.local" failures="0" tests="1" name="testCases.TC002_LoginAccount" time="25.012" errors="0" timestamp="2025-01-16T18:48:00 IST" skipped="0">
  <testcase classname="testCases.TC002_LoginAccount" name="verify_account_signin" time="25.012"/>
</testsuite> <!-- testCases.TC002_LoginAccount -->
