<?xml version="1.0" encoding="UTF-8"?>
<!-- Generated by org.testng.reporters.JUnitReportReporter -->
<testsuite hostname="MacBookAir.lan" failures="0" tests="1" name="testCases.TC002_LoginAccount" time="3.506" errors="0" timestamp="2025-01-12T22:06:22 IST" skipped="0">
  <testcase classname="testCases.TC002_LoginAccount" name="verify_account_registration" time="3.506"/>
</testsuite> <!-- testCases.TC002_LoginAccount -->
